{"name": "test_sample2", "status": "failed", "statusDetails": {"message": "AssertionError: assert 6 == 5", "trace": "def test_sample2():\n>       assert 6 == 5\nE       assert 6 == 5\n\n04Dec23\\test_LabAPI004.py:9: AssertionError"}, "start": 1701769846314, "stop": 1701769846315, "uuid": "9353c363-8871-478f-a46d-09eeca354a8d", "historyId": "435a9c80fe0a841f9ca3c4f92cd5d316", "testCaseId": "435a9c80fe0a841f9ca3c4f92cd5d316", "fullName": "04Dec23.test_LabAPI004#test_sample2", "labels": [{"name": "parentSuite", "value": "04Dec23"}, {"name": "suite", "value": "test_LabAPI004"}, {"name": "host", "value": "SLB-3PN60N2"}, {"name": "thread", "value": "6948-MainThread"}, {"name": "framework", "value": "pytest"}, {"name": "language", "value": "cpython3"}, {"name": "package", "value": "04Dec23.test_LabAPI004"}]}